2022-03-28 09:43:10,215 - INFO - ############################################################
2022-03-28 09:43:10,215 - INFO - ###               STARTING CODE EXECUTION                ###
2022-03-28 09:43:10,216 - INFO - ############################################################
2022-03-28 09:43:10,216 - INFO - Ran process_cartons using the following arguments
2022-03-28 09:43:10,216 - INFO - origin=custom
2022-03-28 09:43:10,216 - INFO - files_folder=./files/
2022-03-28 09:43:10,216 - INFO - inputname=mwm_uvex.txt
2022-03-28 09:43:10,216 - INFO - delim=|
2022-03-28 09:43:10,216 - INFO - check_exists=False
2022-03-28 09:43:10,216 - INFO - verb=False
2022-03-28 09:43:10,216 - INFO - return_objects=False
2022-03-28 09:43:10,216 - INFO - write_input=False
2022-03-28 09:43:10,216 - INFO - write_output=False
2022-03-28 09:43:10,216 - INFO - assign_sets=True
2022-03-28 09:43:10,216 - INFO - assign_placeholders=True
2022-03-28 09:43:10,216 - INFO - visualize=True
2022-03-28 09:43:10,216 - INFO - overwrite=False
2022-03-28 09:43:10,217 - INFO - all_cartons=False
2022-03-28 09:43:10,217 - INFO - cartons_name_pattern=None
2022-03-28 09:43:10,217 - INFO - versions=latest
2022-03-28 09:43:10,217 - INFO - forced_versions=None
2022-03-28 09:43:10,217 - INFO - unique_version=None
2022-03-28 09:43:10,217 - INFO -  
2022-03-28 09:43:13,149 - INFO - Ran assign_target_info on carton mwm_cb_uvex1
2022-03-28 09:43:13,149 - INFO -  
2022-03-28 09:43:13,149 - INFO - ############################################################################################################################################
2022-03-28 09:43:13,149 - INFO - ###                                                    CARTON DEPENDENT INFORMATION                                                      ###
2022-03-28 09:43:13,149 - INFO - ###                                                                                                                                      ###
2022-03-28 09:43:13,149 - INFO - ### carton: mwm_cb_uvex1                                                                                                                 ###
2022-03-28 09:43:13,149 - INFO - ### plan: 0.5.0                                                                                                                          ###
2022-03-28 09:43:13,149 - INFO - ### category_label: science                                                                                                              ###
2022-03-28 09:43:13,149 - INFO - ### stage: srd                                                                                                                           ###
2022-03-28 09:43:13,149 - INFO - ### active: y                                                                                                                            ###
2022-03-28 09:43:13,150 - INFO - ### in_targetdb: True                                                                                                                    ###
2022-03-28 09:43:13,150 - INFO - ### program: mwm_cb                                                                                                                      ###
2022-03-28 09:43:13,150 - INFO - ### version_pk: 83                                                                                                                       ###
2022-03-28 09:43:13,150 - INFO - ### tag: 0.3.0                                                                                                                           ###
2022-03-28 09:43:13,150 - INFO - ### mapper_pk: 0                                                                                                                         ###
2022-03-28 09:43:13,150 - INFO - ### mapper_label: MWM                                                                                                                    ###
2022-03-28 09:43:13,150 - INFO - ### category_pk: 0                                                                                                                       ###
2022-03-28 09:43:13,150 - INFO - ############################################################################################################################################
2022-03-28 09:43:13,150 - INFO - ###                                                VALUES PER TARGET DEPENDENT PARAMETER                                                 ###
2022-03-28 09:43:13,150 - INFO - ###                                                                                                                                      ###
2022-03-28 09:43:13,150 - INFO - ### cadence_pk: {32, 1, 31}                                                                                                              ###
2022-03-28 09:43:13,150 - INFO - ### cadence_label: {'dark_1x3', 'dark_1x2', 'bright_1x1'}                                                                                ###
2022-03-28 09:43:13,150 - INFO - ### lambda_eff: {5400.0}                                                                                                                 ###
2022-03-28 09:43:13,150 - INFO - ### instrument_pk: {0}                                                                                                                   ###
2022-03-28 09:43:13,150 - INFO - ### instrument_label: {'BOSS'}                                                                                                           ###
2022-03-28 09:43:13,150 - INFO - ### value range: 1.0 to 3.0                                                                                                              ###
2022-03-28 09:43:13,151 - INFO - ### priority range: 1400 to 1400                                                                                                         ###
2022-03-28 09:43:13,151 - INFO - ############################################################################################################################################
2022-03-28 09:43:13,151 - INFO - ###                                            MAGNITUDE PLACEHOLDERS PER PHOTOMETRIC SYSTEM                                             ###
2022-03-28 09:43:13,151 - INFO - ###                                                                                                                                      ###
2022-03-28 09:43:13,151 - INFO - ### magnitude_placeholders: {'SDSS_Invalid', 'TMASS_Invalid', 'SDSS_None', 'GAIA_Invalid', 'SDSS_-9999.0'}                               ###
2022-03-28 09:43:13,151 - INFO - ############################################################################################################################################
2022-03-28 09:43:19,861 - INFO - Ran assign_target_info on carton mwm_cb_uvex2
2022-03-28 09:43:19,861 - INFO -  
2022-03-28 09:43:19,861 - INFO - ############################################################################################################################################
2022-03-28 09:43:19,861 - INFO - ###                                                    CARTON DEPENDENT INFORMATION                                                      ###
2022-03-28 09:43:19,861 - INFO - ###                                                                                                                                      ###
2022-03-28 09:43:19,861 - INFO - ### carton: mwm_cb_uvex2                                                                                                                 ###
2022-03-28 09:43:19,861 - INFO - ### plan: 0.5.0                                                                                                                          ###
2022-03-28 09:43:19,861 - INFO - ### category_label: science                                                                                                              ###
2022-03-28 09:43:19,861 - INFO - ### stage: srd                                                                                                                           ###
2022-03-28 09:43:19,861 - INFO - ### active: y                                                                                                                            ###
2022-03-28 09:43:19,862 - INFO - ### in_targetdb: True                                                                                                                    ###
2022-03-28 09:43:19,862 - INFO - ### program: mwm_cb                                                                                                                      ###
2022-03-28 09:43:19,862 - INFO - ### version_pk: 83                                                                                                                       ###
2022-03-28 09:43:19,862 - INFO - ### tag: 0.3.0                                                                                                                           ###
2022-03-28 09:43:19,862 - INFO - ### mapper_pk: 0                                                                                                                         ###
2022-03-28 09:43:19,862 - INFO - ### mapper_label: MWM                                                                                                                    ###
2022-03-28 09:43:19,862 - INFO - ### category_pk: 0                                                                                                                       ###
2022-03-28 09:43:19,862 - INFO - ############################################################################################################################################
2022-03-28 09:43:19,862 - INFO - ###                                                VALUES PER TARGET DEPENDENT PARAMETER                                                 ###
2022-03-28 09:43:19,862 - INFO - ###                                                                                                                                      ###
2022-03-28 09:43:19,862 - INFO - ### cadence_pk: {32, 1, 31}                                                                                                              ###
2022-03-28 09:43:19,862 - INFO - ### cadence_label: {'dark_1x3', 'dark_1x2', 'bright_1x1'}                                                                                ###
2022-03-28 09:43:19,862 - INFO - ### lambda_eff: {5400.0}                                                                                                                 ###
2022-03-28 09:43:19,862 - INFO - ### instrument_pk: {0}                                                                                                                   ###
2022-03-28 09:43:19,862 - INFO - ### instrument_label: {'BOSS'}                                                                                                           ###
2022-03-28 09:43:19,863 - INFO - ### value range: 1.0 to 3.0                                                                                                              ###
2022-03-28 09:43:19,863 - INFO - ### priority range: 1400 to 1400                                                                                                         ###
2022-03-28 09:43:19,863 - INFO - ############################################################################################################################################
2022-03-28 09:43:19,863 - INFO - ###                                            MAGNITUDE PLACEHOLDERS PER PHOTOMETRIC SYSTEM                                             ###
2022-03-28 09:43:19,863 - INFO - ###                                                                                                                                      ###
2022-03-28 09:43:19,863 - INFO - ### magnitude_placeholders: {'SDSS_Invalid', 'TMASS_Invalid', 'SDSS_None', 'GAIA_Invalid', 'SDSS_-9999.0'}                               ###
2022-03-28 09:43:19,863 - INFO - ############################################################################################################################################
2022-03-28 09:43:20,694 - INFO - Ran assign_target_info on carton mwm_cb_uvex3
2022-03-28 09:43:20,694 - INFO -  
2022-03-28 09:43:20,694 - INFO - ############################################################################################################################################
2022-03-28 09:43:20,694 - INFO - ###                                                    CARTON DEPENDENT INFORMATION                                                      ###
2022-03-28 09:43:20,694 - INFO - ###                                                                                                                                      ###
2022-03-28 09:43:20,694 - INFO - ### carton: mwm_cb_uvex3                                                                                                                 ###
2022-03-28 09:43:20,694 - INFO - ### plan: 0.5.0                                                                                                                          ###
2022-03-28 09:43:20,694 - INFO - ### category_label: science                                                                                                              ###
2022-03-28 09:43:20,694 - INFO - ### stage: srd                                                                                                                           ###
2022-03-28 09:43:20,694 - INFO - ### active: y                                                                                                                            ###
2022-03-28 09:43:20,694 - INFO - ### in_targetdb: True                                                                                                                    ###
2022-03-28 09:43:20,695 - INFO - ### program: mwm_cb                                                                                                                      ###
2022-03-28 09:43:20,695 - INFO - ### version_pk: 83                                                                                                                       ###
2022-03-28 09:43:20,695 - INFO - ### tag: 0.3.0                                                                                                                           ###
2022-03-28 09:43:20,695 - INFO - ### mapper_pk: 0                                                                                                                         ###
2022-03-28 09:43:20,695 - INFO - ### mapper_label: MWM                                                                                                                    ###
2022-03-28 09:43:20,695 - INFO - ### category_pk: 0                                                                                                                       ###
2022-03-28 09:43:20,695 - INFO - ############################################################################################################################################
2022-03-28 09:43:20,695 - INFO - ###                                                VALUES PER TARGET DEPENDENT PARAMETER                                                 ###
2022-03-28 09:43:20,695 - INFO - ###                                                                                                                                      ###
2022-03-28 09:43:20,695 - INFO - ### cadence_pk: {32, 1, 31}                                                                                                              ###
2022-03-28 09:43:20,695 - INFO - ### cadence_label: {'dark_1x3', 'dark_1x2', 'bright_1x1'}                                                                                ###
2022-03-28 09:43:20,695 - INFO - ### lambda_eff: {5400.0}                                                                                                                 ###
2022-03-28 09:43:20,695 - INFO - ### instrument_pk: {0}                                                                                                                   ###
2022-03-28 09:43:20,695 - INFO - ### instrument_label: {'BOSS'}                                                                                                           ###
2022-03-28 09:43:20,695 - INFO - ### value range: 1.0 to 3.0                                                                                                              ###
2022-03-28 09:43:20,695 - INFO - ### priority range: 1400 to 1400                                                                                                         ###
2022-03-28 09:43:20,695 - INFO - ############################################################################################################################################
2022-03-28 09:43:20,696 - INFO - ###                                            MAGNITUDE PLACEHOLDERS PER PHOTOMETRIC SYSTEM                                             ###
2022-03-28 09:43:20,696 - INFO - ###                                                                                                                                      ###
2022-03-28 09:43:20,696 - INFO - ### magnitude_placeholders: {'SDSS_Invalid', 'SDSS_None', 'GAIA_Invalid', 'TMASS_Invalid'}                                               ###
2022-03-28 09:43:20,696 - INFO - ############################################################################################################################################
2022-03-28 09:43:21,447 - INFO - Ran assign_target_info on carton mwm_cb_uvex4
2022-03-28 09:43:21,447 - INFO -  
2022-03-28 09:43:21,447 - INFO - ############################################################################################################################################
2022-03-28 09:43:21,447 - INFO - ###                                                    CARTON DEPENDENT INFORMATION                                                      ###
2022-03-28 09:43:21,447 - INFO - ###                                                                                                                                      ###
2022-03-28 09:43:21,447 - INFO - ### carton: mwm_cb_uvex4                                                                                                                 ###
2022-03-28 09:43:21,447 - INFO - ### plan: 0.5.0                                                                                                                          ###
2022-03-28 09:43:21,447 - INFO - ### category_label: science                                                                                                              ###
2022-03-28 09:43:21,447 - INFO - ### stage: srd                                                                                                                           ###
2022-03-28 09:43:21,447 - INFO - ### active: y                                                                                                                            ###
2022-03-28 09:43:21,447 - INFO - ### in_targetdb: True                                                                                                                    ###
2022-03-28 09:43:21,447 - INFO - ### program: mwm_cb                                                                                                                      ###
2022-03-28 09:43:21,448 - INFO - ### version_pk: 83                                                                                                                       ###
2022-03-28 09:43:21,448 - INFO - ### tag: 0.3.0                                                                                                                           ###
2022-03-28 09:43:21,448 - INFO - ### mapper_pk: 0                                                                                                                         ###
2022-03-28 09:43:21,448 - INFO - ### mapper_label: MWM                                                                                                                    ###
2022-03-28 09:43:21,448 - INFO - ### category_pk: 0                                                                                                                       ###
2022-03-28 09:43:21,448 - INFO - ############################################################################################################################################
2022-03-28 09:43:21,448 - INFO - ###                                                VALUES PER TARGET DEPENDENT PARAMETER                                                 ###
2022-03-28 09:43:21,448 - INFO - ###                                                                                                                                      ###
2022-03-28 09:43:21,448 - INFO - ### cadence_pk: {32, 1, 31}                                                                                                              ###
2022-03-28 09:43:21,448 - INFO - ### cadence_label: {'dark_1x3', 'dark_1x2', 'bright_1x1'}                                                                                ###
2022-03-28 09:43:21,448 - INFO - ### lambda_eff: {5400.0}                                                                                                                 ###
2022-03-28 09:43:21,448 - INFO - ### instrument_pk: {0}                                                                                                                   ###
2022-03-28 09:43:21,448 - INFO - ### instrument_label: {'BOSS'}                                                                                                           ###
2022-03-28 09:43:21,448 - INFO - ### value range: 1.0 to 3.0                                                                                                              ###
2022-03-28 09:43:21,448 - INFO - ### priority range: 1400 to 1400                                                                                                         ###
2022-03-28 09:43:21,448 - INFO - ############################################################################################################################################
2022-03-28 09:43:21,449 - INFO - ###                                            MAGNITUDE PLACEHOLDERS PER PHOTOMETRIC SYSTEM                                             ###
2022-03-28 09:43:21,449 - INFO - ###                                                                                                                                      ###
2022-03-28 09:43:21,449 - INFO - ### magnitude_placeholders: {'SDSS_Invalid', 'TMASS_Invalid', 'SDSS_None', 'GAIA_Invalid', 'SDSS_-9999.0'}                               ###
2022-03-28 09:43:21,449 - INFO - ############################################################################################################################################
2022-03-28 09:43:21,929 - INFO - Ran assign_target_info on carton mwm_cb_uvex5
2022-03-28 09:43:21,929 - INFO -  
2022-03-28 09:43:21,929 - INFO - ############################################################################################################################################
2022-03-28 09:43:21,929 - INFO - ###                                                    CARTON DEPENDENT INFORMATION                                                      ###
2022-03-28 09:43:21,929 - INFO - ###                                                                                                                                      ###
2022-03-28 09:43:21,929 - INFO - ### carton: mwm_cb_uvex5                                                                                                                 ###
2022-03-28 09:43:21,930 - INFO - ### plan: 0.5.0                                                                                                                          ###
2022-03-28 09:43:21,930 - INFO - ### category_label: science                                                                                                              ###
2022-03-28 09:43:21,930 - INFO - ### stage: srd                                                                                                                           ###
2022-03-28 09:43:21,930 - INFO - ### active: y                                                                                                                            ###
2022-03-28 09:43:21,930 - INFO - ### in_targetdb: True                                                                                                                    ###
2022-03-28 09:43:21,930 - INFO - ### program: mwm_cb                                                                                                                      ###
2022-03-28 09:43:21,930 - INFO - ### version_pk: 83                                                                                                                       ###
2022-03-28 09:43:21,930 - INFO - ### tag: 0.3.0                                                                                                                           ###
2022-03-28 09:43:21,930 - INFO - ### mapper_pk: 0                                                                                                                         ###
2022-03-28 09:43:21,930 - INFO - ### mapper_label: MWM                                                                                                                    ###
2022-03-28 09:43:21,930 - INFO - ### category_pk: 0                                                                                                                       ###
2022-03-28 09:43:21,930 - INFO - ############################################################################################################################################
2022-03-28 09:43:21,930 - INFO - ###                                                VALUES PER TARGET DEPENDENT PARAMETER                                                 ###
2022-03-28 09:43:21,930 - INFO - ###                                                                                                                                      ###
2022-03-28 09:43:21,930 - INFO - ### cadence_pk: {10}                                                                                                                     ###
2022-03-28 09:43:21,930 - INFO - ### cadence_label: {'bright_3x1'}                                                                                                        ###
2022-03-28 09:43:21,930 - INFO - ### lambda_eff: {16000.0}                                                                                                                ###
2022-03-28 09:43:21,931 - INFO - ### instrument_pk: {1}                                                                                                                   ###
2022-03-28 09:43:21,931 - INFO - ### instrument_label: {'APOGEE'}                                                                                                         ###
2022-03-28 09:43:21,931 - INFO - ### value range: 3.0 to 3.0                                                                                                              ###
2022-03-28 09:43:21,931 - INFO - ### priority range: 1400 to 1400                                                                                                         ###
2022-03-28 09:43:21,931 - INFO - ############################################################################################################################################
2022-03-28 09:43:21,931 - INFO - ###                                            MAGNITUDE PLACEHOLDERS PER PHOTOMETRIC SYSTEM                                             ###
2022-03-28 09:43:21,931 - INFO - ###                                                                                                                                      ###
2022-03-28 09:43:21,931 - INFO - ### magnitude_placeholders: {'SDSS_Invalid', 'SDSS_None', 'SDSS_-9999.0'}                                                                ###
2022-03-28 09:43:21,931 - INFO - ############################################################################################################################################
