2022-03-28 09:17:06,627 - INFO -  
2022-03-28 09:17:06,627 - INFO - ########################################################################################################################
2022-03-28 09:17:06,627 - INFO - ###                                          CARTON DEPENDENT INFORMATION                                            ###
2022-03-28 09:17:06,627 - INFO - ###                                                                                                                  ###
2022-03-28 09:17:06,627 - INFO - ### carton: mwm_cb_uvex1                                                                                             ###
2022-03-28 09:17:06,627 - INFO - ### plan: 0.5.0                                                                                                      ###
2022-03-28 09:17:06,627 - INFO - ### category_label: science                                                                                          ###
2022-03-28 09:17:06,627 - INFO - ### stage: N/A                                                                                                       ###
2022-03-28 09:17:06,628 - INFO - ### active: N/A                                                                                                      ###
2022-03-28 09:17:06,628 - INFO - ### in_targetdb: True                                                                                                ###
2022-03-28 09:17:06,628 - INFO - ### program: mwm_cb                                                                                                  ###
2022-03-28 09:17:06,628 - INFO - ### version_pk: 83                                                                                                   ###
2022-03-28 09:17:06,628 - INFO - ### tag: 0.3.0                                                                                                       ###
2022-03-28 09:17:06,628 - INFO - ### mapper_pk: 0                                                                                                     ###
2022-03-28 09:17:06,628 - INFO - ### mapper_label: MWM                                                                                                ###
2022-03-28 09:17:06,628 - INFO - ### category_pk: 0                                                                                                   ###
2022-03-28 09:17:06,628 - INFO - ########################################################################################################################
2022-03-28 09:17:06,628 - INFO - ###                                   The list of values par target parameter has                                    ###
2022-03-28 09:17:06,628 - INFO - ###                                  not been calculated for this carton, to do so                                   ###
2022-03-28 09:17:06,628 - INFO - ###                                   first run assign_target_info on this carton                                    ###
2022-03-28 09:17:06,629 - INFO - ###                                       using calculate_sets=True (default)                                        ###
2022-03-28 09:17:06,629 - INFO - ########################################################################################################################
2022-03-28 09:17:06,629 - INFO - ###                                The list of mag placeholers for each photometric                                  ###
2022-03-28 09:17:06,629 - INFO - ###                               system has not been calculated for this carton yet,                                ###
2022-03-28 09:17:06,629 - INFO - ###                              to do so first run assign_target_info on this carton                                ###
2022-03-28 09:17:06,629 - INFO - ###                                using calculate_mag_placeholers=True (not default)                                ###
2022-03-28 09:17:06,629 - INFO - ########################################################################################################################
2022-03-28 09:17:33,631 - INFO -  
2022-03-28 09:17:33,632 - INFO - ########################################################################################################################
2022-03-28 09:17:33,632 - INFO - ###                                          CARTON DEPENDENT INFORMATION                                            ###
2022-03-28 09:17:33,632 - INFO - ###                                                                                                                  ###
2022-03-28 09:17:33,632 - INFO - ### carton: mwm_cb_uvex1                                                                                             ###
2022-03-28 09:17:33,632 - INFO - ### plan: 0.5.0                                                                                                      ###
2022-03-28 09:17:33,632 - INFO - ### category_label: science                                                                                          ###
2022-03-28 09:17:33,632 - INFO - ### stage: N/A                                                                                                       ###
2022-03-28 09:17:33,632 - INFO - ### active: N/A                                                                                                      ###
2022-03-28 09:17:33,632 - INFO - ### in_targetdb: True                                                                                                ###
2022-03-28 09:17:33,632 - INFO - ### program: mwm_cb                                                                                                  ###
2022-03-28 09:17:33,633 - INFO - ### version_pk: 83                                                                                                   ###
2022-03-28 09:17:33,633 - INFO - ### tag: 0.3.0                                                                                                       ###
2022-03-28 09:17:33,633 - INFO - ### mapper_pk: 0                                                                                                     ###
2022-03-28 09:17:33,633 - INFO - ### mapper_label: MWM                                                                                                ###
2022-03-28 09:17:33,633 - INFO - ### category_pk: 0                                                                                                   ###
2022-03-28 09:17:33,633 - INFO - ########################################################################################################################
2022-03-28 09:17:33,633 - INFO - ###                                      VALUES PER TARGET DEPENDENT PARAMETER                                       ###
2022-03-28 09:17:33,633 - INFO - ###                                                                                                                  ###
2022-03-28 09:17:33,633 - INFO - ### cadence_pk: {32, 1, 31}                                                                                          ###
2022-03-28 09:17:33,633 - INFO - ### cadence_label: {'dark_1x2', 'bright_1x1', 'dark_1x3'}                                                            ###
2022-03-28 09:17:33,633 - INFO - ### lambda_eff: {5400.0}                                                                                             ###
2022-03-28 09:17:33,633 - INFO - ### instrument_pk: {0}                                                                                               ###
2022-03-28 09:17:33,633 - INFO - ### instrument_label: {'BOSS'}                                                                                       ###
2022-03-28 09:17:33,633 - INFO - ### value range: 1.0 to 3.0                                                                                          ###
2022-03-28 09:17:33,634 - INFO - ### priority range: 1400 to 1400                                                                                     ###
2022-03-28 09:17:33,634 - INFO - ########################################################################################################################
2022-03-28 09:17:33,634 - INFO - ###                                  MAGNITUDE PLACEHOLDERS PER PHOTOMETRIC SYSTEM                                   ###
2022-03-28 09:17:33,634 - INFO - ###                                                                                                                  ###
2022-03-28 09:17:33,634 - INFO - ### magnitude_placeholders: {'TMASS_Invalid', 'SDSS_None', 'SDSS_-9999.0', 'SDSS_Invalid', 'GAIA_Invalid'}           ###
2022-03-28 09:17:33,634 - INFO - ########################################################################################################################
